time="2020-05-24T06:17:08Z" level=info msg="Serving gRPC server on port 4040"
time="2020-05-24T06:19:53Z" level=info msg="Login gRPC endpoint ran successfully."
time="2020-05-24T06:26:50Z" level=info msg="Serving gRPC server on port 4040"
time="2020-05-24T06:27:55Z" level=info msg="Login gRPC endpoint ran successfully."
time="2020-05-24T06:57:29Z" level=info msg="Serving gRPC server on port 4040"
time="2020-05-24T10:09:30Z" level=info msg="Serving gRPC server on port 4040"
time="2020-05-24T11:10:09Z" level=info msg="Serving gRPC server on port 4040"
time="2020-05-24T11:11:09Z" level=info msg="Login gRPC endpoint ran successfully."
time="2020-05-24T11:58:22Z" level=info msg="Login gRPC endpoint ran successfully."
time="2020-05-24T11:58:51Z" level=info msg="ListItems gRPC endpoint ran successfully."
time="2020-05-24T12:27:16Z" level=info msg="ListItems gRPC endpoint ran successfully."
time="2020-05-24T12:27:16Z" level=info msg="ListItems gRPC endpoint ran successfully."
time="2020-05-24T12:27:18Z" level=info msg="ListItems gRPC endpoint ran successfully."
time="2020-05-24T12:27:22Z" level=info msg="Logout gRPC endpoint ran successfully."
time="2020-05-24T12:27:38Z" level=info msg="Login gRPC endpoint ran successfully."
time="2020-05-24T12:27:56Z" level=info msg="ListItems gRPC endpoint ran successfully."
time="2020-05-24T12:27:57Z" level=info msg="ListItems gRPC endpoint ran successfully."
time="2020-05-24T12:51:31Z" level=info msg="Serving gRPC server on port 4040"
time="2020-05-24T12:53:40Z" level=info msg="ListItems gRPC endpoint ran successfully."
time="2020-05-24T13:10:54Z" level=info msg="Serving gRPC server on port 4040"
time="2020-05-24T13:18:26Z" level=info msg="Serving gRPC server on port 4040"
time="2020-05-24T13:22:00Z" level=info msg="Serving gRPC server on port 4040"
time="2020-05-24T13:37:10Z" level=info msg="Login gRPC endpoint ran successfully."
time="2020-05-24T13:37:26Z" level=info msg="ListItems gRPC endpoint ran successfully."
time="2020-05-24T13:37:30Z" level=info msg="ListItems gRPC endpoint ran successfully."
time="2020-05-24T14:06:31Z" level=info msg="Serving gRPC server on port 4040"
time="2020-05-24T14:06:51Z" level=info msg="Login gRPC endpoint ran successfully."
time="2020-05-24T14:06:53Z" level=info msg="ListItems gRPC endpoint ran successfully."
time="2020-05-24T14:10:33Z" level=info msg="Serving gRPC server on port 4040"
time="2020-05-24T14:22:58Z" level=info msg="ListItems gRPC endpoint ran successfully."
time="2020-05-24T14:22:58Z" level=info msg="ListItems gRPC endpoint ran successfully."
time="2020-05-24T16:33:02Z" level=info msg="Serving gRPC server on port 4040"
time="2020-05-25T01:34:28Z" level=info msg="Serving gRPC server on port 4040"
time="2020-05-25T03:12:15Z" level=info msg="Serving gRPC server on port 4040"
time="2020-05-25T03:21:17Z" level=info msg="Serving gRPC server on port 4040"
time="2020-05-25T06:17:18Z" level=info msg="Serving gRPC server on port 4040"
time="2020-05-25T14:53:07+08:00" level=info msg="Serving gRPC server on port 4040"
time="2020-05-25T15:12:52+08:00" level=info msg="Serving gRPC server on port 4040"
time="2020-05-25T15:18:44+08:00" level=info msg="Serving gRPC server on port 4040"
time="2020-05-25T15:26:34+08:00" level=info msg="Serving gRPC server on port 4040"
time="2020-05-25T15:46:48+08:00" level=info msg="Serving gRPC server on port 4040"
time="2020-05-25T16:04:32+08:00" level=info msg="Serving gRPC server on port 4040"
time="2020-05-25T16:08:47+08:00" level=info msg="Serving gRPC server on port 4040"
time="2020-05-25T16:10:24+08:00" level=info msg="Serving gRPC server on port 4040"
time="2020-05-25T16:12:31+08:00" level=info msg="Serving gRPC server on port 4040"
time="2020-05-25T16:21:13+08:00" level=info msg="Serving gRPC server on port 4040"
time="2020-05-25T16:22:38+08:00" level=info msg="Serving gRPC server on port 4040"
time="2020-05-25T16:33:58+08:00" level=info msg="Serving gRPC server on port 4040"
time="2020-05-25T16:36:43+08:00" level=info msg="Serving gRPC server on port 4040"
time="2020-05-25T16:59:24+08:00" level=info msg="Serving gRPC server on port 4040"
time="2020-05-25T18:05:21+08:00" level=info msg="Serving gRPC server on port 4040"
time="2020-05-25T18:08:16+08:00" level=info msg="Login gRPC endpoint ran successfully."
time="2020-05-25T18:08:18+08:00" level=info msg="ListItems gRPC endpoint ran successfully."
time="2020-05-25T18:08:19+08:00" level=info msg="ListItems gRPC endpoint ran successfully."
time="2020-05-25T18:08:26+08:00" level=info msg="ListItems gRPC endpoint ran successfully."
time="2020-05-25T18:12:48+08:00" level=info msg="Serving gRPC server on port 4040"
time="2020-05-25T18:14:12+08:00" level=info msg="ListItems gRPC endpoint ran successfully."
time="2020-05-25T18:14:16+08:00" level=info msg="ListItems gRPC endpoint ran successfully."
time="2020-05-25T18:14:50+08:00" level=info msg="ListItems gRPC endpoint ran successfully."
time="2020-05-25T18:14:51+08:00" level=info msg="ListItems gRPC endpoint ran successfully."
time="2020-05-25T18:52:33+08:00" level=info msg="Serving gRPC server on port 4040"
time="2020-05-25T19:46:05+08:00" level=info msg="Serving gRPC server on port 4040"
time="2020-05-25T19:54:08+08:00" level=info msg="Serving gRPC server on port 4040"
time="2020-05-25T20:11:03+08:00" level=info msg="Serving gRPC server on port 4040"
time="2020-05-25T20:12:25+08:00" level=info msg="Serving gRPC server on port 4040"
time="2020-05-25T20:22:27+08:00" level=info msg="Serving gRPC server on port 4040"
time="2020-05-25T20:29:46+08:00" level=info msg="Serving gRPC server on port 4040"
time="2020-05-25T20:32:00+08:00" level=info msg="Serving gRPC server on port 4040"
time="2020-05-25T20:37:54+08:00" level=info msg="Serving gRPC server on port 4040"
time="2020-05-25T20:44:50+08:00" level=info msg="Serving gRPC server on port 4040"
time="2020-05-25T20:56:10+08:00" level=info msg="Serving gRPC server on port 4040"
